2016-07-03 02:33:48 Notice: Deprecated (16384): Property $theme is deprecated. Use $this->viewBuilder()->theme() instead in beforeRender(). in [C:\xampp\htdocs\cmsv2\vendor\cakephp\cakephp\src\View\ViewVarsTrait.php, line 103]
Trace:
Cake\Error\BaseErrorHandler::handleError() - CORE\src\Error\BaseErrorHandler.php, line 147
Cake\Controller\Controller::createView() - CORE\src\View\ViewVarsTrait.php, line 103
Cake\Controller\Controller::render() - CORE\src\Controller\Controller.php, line 610
Cake\Routing\Dispatcher::_invoke() - CORE\src\Routing\Dispatcher.php, line 120
Cake\Routing\Dispatcher::dispatch() - CORE\src\Routing\Dispatcher.php, line 87
[main] - ROOT\webroot\index.php, line 37



2016-07-03 02:38:30 Notice: Deprecated (16384): Property $theme is deprecated. Use $this->viewBuilder()->theme() instead in beforeRender(). in [C:\xampp\htdocs\cmsv2\vendor\cakephp\cakephp\src\View\ViewVarsTrait.php, line 103]
Trace:
Cake\Error\BaseErrorHandler::handleError() - CORE\src\Error\BaseErrorHandler.php, line 147
Cake\Controller\Controller::createView() - CORE\src\View\ViewVarsTrait.php, line 103
Cake\Controller\Controller::render() - CORE\src\Controller\Controller.php, line 610
Cake\Routing\Dispatcher::_invoke() - CORE\src\Routing\Dispatcher.php, line 120
Cake\Routing\Dispatcher::dispatch() - CORE\src\Routing\Dispatcher.php, line 87
[main] - ROOT\webroot\index.php, line 37



2016-07-03 02:38:35 Notice: Deprecated (16384): Property $theme is deprecated. Use $this->viewBuilder()->theme() instead in beforeRender(). in [C:\xampp\htdocs\cmsv2\vendor\cakephp\cakephp\src\View\ViewVarsTrait.php, line 103]
Trace:
Cake\Error\BaseErrorHandler::handleError() - CORE\src\Error\BaseErrorHandler.php, line 147
Cake\Controller\Controller::createView() - CORE\src\View\ViewVarsTrait.php, line 103
Cake\Controller\Controller::render() - CORE\src\Controller\Controller.php, line 610
Cake\Routing\Dispatcher::_invoke() - CORE\src\Routing\Dispatcher.php, line 120
Cake\Routing\Dispatcher::dispatch() - CORE\src\Routing\Dispatcher.php, line 87
[main] - ROOT\webroot\index.php, line 37



2016-07-03 02:39:14 Notice: Deprecated (16384): Controller::$layout is deprecated. Use $this->viewBuilder()->layout() instead. in [C:\xampp\htdocs\cmsv2\vendor\cakephp\cakephp\src\Controller\Controller.php, line 375]
Trace:
Cake\Error\BaseErrorHandler::handleError() - CORE\src\Error\BaseErrorHandler.php, line 147
Cake\Controller\Controller::__set() - CORE\src\Controller\Controller.php, line 375
App\Controller\LoginController::index() - APP/Controller\LoginController.php, line 9
Cake\Controller\Controller::invokeAction() - CORE\src\Controller\Controller.php, line 429
Cake\Routing\Dispatcher::_invoke() - CORE\src\Routing\Dispatcher.php, line 114
Cake\Routing\Dispatcher::dispatch() - CORE\src\Routing\Dispatcher.php, line 87
[main] - ROOT\webroot\index.php, line 37



2016-07-03 02:39:24 Notice: Deprecated (16384): Controller::$layout is deprecated. Use $this->viewBuilder()->layout() instead. in [C:\xampp\htdocs\cmsv2\vendor\cakephp\cakephp\src\Controller\Controller.php, line 375]
Trace:
Cake\Error\BaseErrorHandler::handleError() - CORE\src\Error\BaseErrorHandler.php, line 147
Cake\Controller\Controller::__set() - CORE\src\Controller\Controller.php, line 375
App\Controller\LoginController::index() - APP/Controller\LoginController.php, line 9
Cake\Controller\Controller::invokeAction() - CORE\src\Controller\Controller.php, line 429
Cake\Routing\Dispatcher::_invoke() - CORE\src\Routing\Dispatcher.php, line 114
Cake\Routing\Dispatcher::dispatch() - CORE\src\Routing\Dispatcher.php, line 87
[main] - ROOT\webroot\index.php, line 37



2016-07-27 15:27:18 Notice: Deprecated (16384): Controller::$view is deprecated. Use $this->viewBuilder()->view() instead. in [C:\xampp\htdocs\admin-cms\vendor\cakephp\cakephp\src\Controller\Controller.php, line 338]
Trace:
Cake\Error\BaseErrorHandler::handleError() - CORE\src\Error\BaseErrorHandler.php, line 147
Cake\Controller\Controller::__get() - CORE\src\Controller\Controller.php, line 338
App\Controller\LoginController::index() - APP/Controller\LoginController.php, line 8
Cake\Controller\Controller::invokeAction() - CORE\src\Controller\Controller.php, line 429
Cake\Routing\Dispatcher::_invoke() - CORE\src\Routing\Dispatcher.php, line 114
Cake\Routing\Dispatcher::dispatch() - CORE\src\Routing\Dispatcher.php, line 87
[main] - ROOT\webroot\index.php, line 37



2016-07-27 15:27:27 Notice: Deprecated (16384): Controller::$view is deprecated. Use $this->viewBuilder()->view() instead. in [C:\xampp\htdocs\admin-cms\vendor\cakephp\cakephp\src\Controller\Controller.php, line 338]
Trace:
Cake\Error\BaseErrorHandler::handleError() - CORE\src\Error\BaseErrorHandler.php, line 147
Cake\Controller\Controller::__get() - CORE\src\Controller\Controller.php, line 338
App\Controller\LoginController::index() - APP/Controller\LoginController.php, line 8
Cake\Controller\Controller::invokeAction() - CORE\src\Controller\Controller.php, line 429
Cake\Routing\Dispatcher::_invoke() - CORE\src\Routing\Dispatcher.php, line 114
Cake\Routing\Dispatcher::dispatch() - CORE\src\Routing\Dispatcher.php, line 87
[main] - ROOT\webroot\index.php, line 37



2016-07-28 14:48:07 Notice: Notice (8): Undefined variable: factory in [C:\xampp\htdocs\admin-cms\vendor\cakephp\cakephp\src\Datasource\ModelAwareTrait.php, line 130]
Trace:
Cake\Error\BaseErrorHandler::handleError() - CORE\src\Error\BaseErrorHandler.php, line 147
Cake\Controller\Controller::modelFactory() - CORE\src\Datasource\ModelAwareTrait.php, line 130
App\Controller\LoginController::index() - APP/Controller\LoginController.php, line 10
Cake\Controller\Controller::invokeAction() - CORE\src\Controller\Controller.php, line 429
Cake\Routing\Dispatcher::_invoke() - CORE\src\Routing\Dispatcher.php, line 114
Cake\Routing\Dispatcher::dispatch() - CORE\src\Routing\Dispatcher.php, line 87
[main] - ROOT\webroot\index.php, line 37



